0    INFO  [2015-08-19 17:05:01]  File: [com.springsource.org.bouncycastle.jce-1.46.0.jar.lastUpdated] has been deleted.
0    INFO  [2015-08-19 17:05:01]  File: [com.springsource.org.bouncycastle.jce-1.46.0.pom.lastUpdated] has been deleted.
41   INFO  [2015-08-19 17:05:01]  Clean lastUpdated files finished.
1    INFO  [2015-08-19 17:17:29]  Clean lastUpdated files finished.
0    INFO  [2015-09-28 10:16:20]  File: [com.springsource.commonj-1.1.0.jar.lastUpdated] has been deleted.
18   INFO  [2015-09-28 10:16:20]  File: [commonj-twm-1.1.jar.lastUpdated] has been deleted.
29   INFO  [2015-09-28 10:16:20]  File: [com.springsource.com.caucho-3.2.1.jar.lastUpdated] has been deleted.
45   INFO  [2015-09-28 10:16:20]  File: [guice-2.0.jar.lastUpdated] has been deleted.
76   INFO  [2015-09-28 10:16:20]  File: [jamon-2.7.jar.lastUpdated] has been deleted.
90   INFO  [2015-09-28 10:16:20]  File: [com.springsource.org.quartz-1.6.2.jar.lastUpdated] has been deleted.
109  INFO  [2015-09-28 10:16:20]  File: [toplink-10.1.3.jar.lastUpdated] has been deleted.
140  INFO  [2015-09-28 10:16:20]  File: [jersey-multipart-1.0.3.1.jar.lastUpdated] has been deleted.
145  INFO  [2015-09-28 10:16:20]  File: [jersey-multipart-1.4.jar.lastUpdated] has been deleted.
172  INFO  [2015-09-28 10:16:20]  File: [webservices-extra-1.1.jar.lastUpdated] has been deleted.
179  INFO  [2015-09-28 10:16:20]  File: [webservices-rt-1.1.jar.lastUpdated] has been deleted.
219  INFO  [2015-09-28 10:16:20]  File: [el-api-1.0.jar.lastUpdated] has been deleted.
226  INFO  [2015-09-28 10:16:20]  File: [el-ri-1.0.jar.lastUpdated] has been deleted.
290  INFO  [2015-09-28 10:16:20]  File: [hg-ad-domain-0.2-SNAPSHOT.jar.lastUpdated] has been deleted.
290  INFO  [2015-09-28 10:16:20]  File: [hg-ad-domain-0.2-SNAPSHOT.pom.lastUpdated] has been deleted.
303  INFO  [2015-09-28 10:16:20]  File: [hg-ad-pojo-0.2-SNAPSHOT.jar.lastUpdated] has been deleted.
304  INFO  [2015-09-28 10:16:20]  File: [hg-ad-pojo-0.2-SNAPSHOT.pom.lastUpdated] has been deleted.
317  INFO  [2015-09-28 10:16:20]  File: [hg-ad-spi-0.2-SNAPSHOT.jar.lastUpdated] has been deleted.
318  INFO  [2015-09-28 10:16:20]  File: [hg-ad-spi-0.2-SNAPSHOT.pom.lastUpdated] has been deleted.
437  INFO  [2015-09-28 10:16:20]  File: [javassist-3.9.0.jar.lastUpdated] has been deleted.
456  INFO  [2015-09-28 10:16:20]  File: [activation-1.0.2.jar.lastUpdated] has been deleted.
467  INFO  [2015-09-28 10:16:20]  File: [jsf-api-2.0.3.jar.lastUpdated] has been deleted.
478  INFO  [2015-09-28 10:16:20]  File: [jsf-impl-2.0.3.jar.lastUpdated] has been deleted.
485  INFO  [2015-09-28 10:16:20]  File: [com.springsource.javax.inject-1.0.0.jar.lastUpdated] has been deleted.
505  INFO  [2015-09-28 10:16:20]  File: [jdo2-api-2.1.0.jar.lastUpdated] has been deleted.
511  INFO  [2015-09-28 10:16:20]  File: [jms-1.1.jar.lastUpdated] has been deleted.
513  INFO  [2015-09-28 10:16:20]  File: [jts-1.0.jar.lastUpdated] has been deleted.
523  INFO  [2015-09-28 10:16:20]  File: [jsr181-1.0.jar.lastUpdated] has been deleted.
542  INFO  [2015-09-28 10:16:20]  File: [mail-1.3.1.jar.lastUpdated] has been deleted.
562  INFO  [2015-09-28 10:16:20]  File: [jmxremote-1.0.1_04.jar.lastUpdated] has been deleted.
572  INFO  [2015-09-28 10:16:20]  File: [jmxremote_optional-1.0.1_04.jar.lastUpdated] has been deleted.
584  INFO  [2015-09-28 10:16:20]  File: [jmxri-1.2.1.jar.lastUpdated] has been deleted.
594  INFO  [2015-09-28 10:16:20]  File: [connector-1.0.jar.lastUpdated] has been deleted.
605  INFO  [2015-09-28 10:16:20]  File: [jaas-1.0.01.jar.lastUpdated] has been deleted.
617  INFO  [2015-09-28 10:16:20]  File: [jacc-1.0.jar.lastUpdated] has been deleted.
641  INFO  [2015-09-28 10:16:20]  File: [jdbc-stdext-2.0.jar.lastUpdated] has been deleted.
659  INFO  [2015-09-28 10:16:20]  File: [jta-1.0.1B.jar.lastUpdated] has been deleted.
668  INFO  [2015-09-28 10:16:20]  File: [jaxr-api-1.0_03.jar.lastUpdated] has been deleted.
685  INFO  [2015-09-28 10:16:20]  File: [namespace-1.0.1.jar.lastUpdated] has been deleted.
699  INFO  [2015-09-28 10:16:20]  File: [jdo-1.0.1.jar.lastUpdated] has been deleted.
717  INFO  [2015-09-28 10:16:20]  File: [jdori-1.0.1.jar.lastUpdated] has been deleted.
732  INFO  [2015-09-28 10:16:21]  File: [jxl-2.6.9.jar.lastUpdated] has been deleted.
735  INFO  [2015-09-28 10:16:21]  File: [jpush-client-3.2.6-sources.jar.lastUpdated] has been deleted.
748  INFO  [2015-09-28 10:16:21]  File: [lxs-ad-application-1.0-SNAPSHOT.jar.lastUpdated] has been deleted.
748  INFO  [2015-09-28 10:16:21]  File: [lxs-ad-application-1.0-SNAPSHOT.pom.lastUpdated] has been deleted.
757  INFO  [2015-09-28 10:16:21]  File: [lxs-order-application-1.0-SNAPSHOT.jar.lastUpdated] has been deleted.
760  INFO  [2015-09-28 10:16:21]  File: [lxs-order-application-1.0-SNAPSHOT.pom.lastUpdated] has been deleted.
768  INFO  [2015-09-28 10:16:21]  File: [lxs-spi-1.0-SNAPSHOT.jar.lastUpdated] has been deleted.
768  INFO  [2015-09-28 10:16:21]  File: [lxs-spi-1.0-SNAPSHOT.pom.lastUpdated] has been deleted.
779  INFO  [2015-09-28 10:16:21]  File: [lxs-user-application-1.0-SNAPSHOT.jar.lastUpdated] has been deleted.
780  INFO  [2015-09-28 10:16:21]  File: [lxs-user-application-1.0-SNAPSHOT.pom.lastUpdated] has been deleted.
782  INFO  [2015-09-28 10:16:21]  File: [lxs-xl-application-1.0-SNAPSHOT.jar.lastUpdated] has been deleted.
782  INFO  [2015-09-28 10:16:21]  File: [lxs-xl-application-1.0-SNAPSHOT.pom.lastUpdated] has been deleted.
796  INFO  [2015-09-28 10:16:21]  File: [flute-1.0.jar.lastUpdated] has been deleted.
830  INFO  [2015-09-28 10:16:21]  File: [org.eclipse.emf.common-2.2.1.jar.lastUpdated] has been deleted.
841  INFO  [2015-09-28 10:16:21]  File: [org.eclipse.emf.common-2.4.0.jar.lastUpdated] has been deleted.
854  INFO  [2015-09-28 10:16:21]  File: [org.eclipse.emf.common-2.5.0.jar.lastUpdated] has been deleted.
871  INFO  [2015-09-28 10:16:21]  File: [org.eclipse.emf.ecore-2.2.2.jar.lastUpdated] has been deleted.
894  INFO  [2015-09-28 10:16:21]  File: [org.eclipse.emf.ecore-2.4.0.jar.lastUpdated] has been deleted.
907  INFO  [2015-09-28 10:16:21]  File: [org.eclipse.emf.ecore-2.5.0.jar.lastUpdated] has been deleted.
938  INFO  [2015-09-28 10:16:21]  File: [org.eclipse.emf.ecore.xmi-2.2.2.jar.lastUpdated] has been deleted.
948  INFO  [2015-09-28 10:16:21]  File: [org.eclipse.emf.ecore.xmi-2.4.0.jar.lastUpdated] has been deleted.
958  INFO  [2015-09-28 10:16:21]  File: [org.eclipse.emf.ecore.xmi-2.5.0.jar.lastUpdated] has been deleted.
970  INFO  [2015-09-28 10:16:21]  File: [pluto-taglib-1.0.1.jar.lastUpdated] has been deleted.
981  INFO  [2015-09-28 10:16:21]  File: [pluto-taglib-2.0.jar.lastUpdated] has been deleted.
1001 INFO  [2015-09-28 10:16:21]  File: [chartengineapi-2.2.0.jar.lastUpdated] has been deleted.
1021 INFO  [2015-09-28 10:16:21]  File: [chartengineapi-2.3.0.jar.lastUpdated] has been deleted.
1038 INFO  [2015-09-28 10:16:21]  File: [chartengineapi-2.5.0.jar.lastUpdated] has been deleted.
1049 INFO  [2015-09-28 10:16:21]  File: [chartengineapi-2.5.2.jar.lastUpdated] has been deleted.
1071 INFO  [2015-09-28 10:16:21]  File: [chartitemapi-2.5.0.jar.lastUpdated] has been deleted.
1079 INFO  [2015-09-28 10:16:21]  File: [chartitemapi-2.5.2.jar.lastUpdated] has been deleted.
1103 INFO  [2015-09-28 10:16:21]  File: [coreapi-2.2.0.jar.lastUpdated] has been deleted.
1109 INFO  [2015-09-28 10:16:21]  File: [coreapi-2.3.0.jar.lastUpdated] has been deleted.
1118 INFO  [2015-09-28 10:16:21]  File: [coreapi-2.5.0.jar.lastUpdated] has been deleted.
1130 INFO  [2015-09-28 10:16:21]  File: [coreapi-2.5.2.jar.lastUpdated] has been deleted.
1152 INFO  [2015-09-28 10:16:21]  File: [crosstabcoreapi-2.3.0.jar.lastUpdated] has been deleted.
1160 INFO  [2015-09-28 10:16:21]  File: [crosstabcoreapi-2.5.0.jar.lastUpdated] has been deleted.
1171 INFO  [2015-09-28 10:16:21]  File: [crosstabcoreapi-2.5.2.jar.lastUpdated] has been deleted.
1189 INFO  [2015-09-28 10:16:21]  File: [dataadapterapi-2.2.0.jar.lastUpdated] has been deleted.
1196 INFO  [2015-09-28 10:16:21]  File: [dataadapterapi-2.3.0.jar.lastUpdated] has been deleted.
1204 INFO  [2015-09-28 10:16:21]  File: [dataadapterapi-2.5.0.jar.lastUpdated] has been deleted.
1216 INFO  [2015-09-28 10:16:21]  File: [dataadapterapi-2.5.2.jar.lastUpdated] has been deleted.
1239 INFO  [2015-09-28 10:16:21]  File: [dataaggregationapi-2.3.0.jar.lastUpdated] has been deleted.
1246 INFO  [2015-09-28 10:16:21]  File: [dataaggregationapi-2.5.0.jar.lastUpdated] has been deleted.
1256 INFO  [2015-09-28 10:16:21]  File: [dataaggregationapi-2.5.2.jar.lastUpdated] has been deleted.
1275 INFO  [2015-09-28 10:16:21]  File: [dataextraction-2.3.0.jar.lastUpdated] has been deleted.
1283 INFO  [2015-09-28 10:16:21]  File: [dataextraction-2.5.0.jar.lastUpdated] has been deleted.
1290 INFO  [2015-09-28 10:16:21]  File: [dataextraction-2.5.2.jar.lastUpdated] has been deleted.
1309 INFO  [2015-09-28 10:16:21]  File: [dteapi-2.2.0.jar.lastUpdated] has been deleted.
1317 INFO  [2015-09-28 10:16:21]  File: [dteapi-2.3.0.jar.lastUpdated] has been deleted.
1329 INFO  [2015-09-28 10:16:21]  File: [dteapi-2.5.0.jar.lastUpdated] has been deleted.
1336 INFO  [2015-09-28 10:16:21]  File: [dteapi-2.5.2.jar.lastUpdated] has been deleted.
1357 INFO  [2015-09-28 10:16:21]  File: [emitterconfig-2.5.0.jar.lastUpdated] has been deleted.
1371 INFO  [2015-09-28 10:16:21]  File: [emitterconfig-2.5.2.jar.lastUpdated] has been deleted.
1390 INFO  [2015-09-28 10:16:21]  File: [engineapi-2.2.0.jar.lastUpdated] has been deleted.
1391 INFO  [2015-09-28 10:16:21]  File: [engineapi-2.3.0.jar.lastUpdated] has been deleted.
1401 INFO  [2015-09-28 10:16:21]  File: [engineapi-2.5.0.jar.lastUpdated] has been deleted.
1408 INFO  [2015-09-28 10:16:21]  File: [engineapi-2.5.2.jar.lastUpdated] has been deleted.
1429 INFO  [2015-09-28 10:16:21]  File: [modelapi-2.2.0.jar.lastUpdated] has been deleted.
1447 INFO  [2015-09-28 10:16:21]  File: [modelapi-2.3.0.jar.lastUpdated] has been deleted.
1453 INFO  [2015-09-28 10:16:21]  File: [modelapi-2.5.0.jar.lastUpdated] has been deleted.
1462 INFO  [2015-09-28 10:16:21]  File: [modelapi-2.5.2.jar.lastUpdated] has been deleted.
1471 INFO  [2015-09-28 10:16:21]  File: [modelodaapi-2.3.0.jar.lastUpdated] has been deleted.
1483 INFO  [2015-09-28 10:16:21]  File: [modelodaapi-2.5.0.jar.lastUpdated] has been deleted.
1496 INFO  [2015-09-28 10:16:21]  File: [modelodaapi-2.5.2.jar.lastUpdated] has been deleted.
1503 INFO  [2015-09-28 10:16:21]  File: [odadesignapi-2.3.0.jar.lastUpdated] has been deleted.
1514 INFO  [2015-09-28 10:16:21]  File: [odadesignapi-2.5.0.jar.lastUpdated] has been deleted.
1527 INFO  [2015-09-28 10:16:21]  File: [odadesignapi-2.5.2.jar.lastUpdated] has been deleted.
1556 INFO  [2015-09-28 10:16:21]  File: [scriptapi-2.2.0.jar.lastUpdated] has been deleted.
1571 INFO  [2015-09-28 10:16:21]  File: [scriptapi-2.3.0.jar.lastUpdated] has been deleted.
1581 INFO  [2015-09-28 10:16:21]  File: [scriptapi-2.5.0.jar.lastUpdated] has been deleted.
1596 INFO  [2015-09-28 10:16:21]  File: [scriptapi-2.5.2.jar.lastUpdated] has been deleted.
1603 INFO  [2015-09-28 10:16:21]  File: [viewservlets-2.2.0.jar.lastUpdated] has been deleted.
1617 INFO  [2015-09-28 10:16:21]  File: [viewservlets-2.3.0.jar.lastUpdated] has been deleted.
1628 INFO  [2015-09-28 10:16:21]  File: [viewservlets-2.5.0.jar.lastUpdated] has been deleted.
1635 INFO  [2015-09-28 10:16:21]  File: [viewservlets-2.5.2.jar.lastUpdated] has been deleted.
1656 INFO  [2015-09-28 10:16:21]  File: [jxl-2.6.8.jar.lastUpdated] has been deleted.
1678 INFO  [2015-09-28 10:16:21]  File: [com.springsource.org.apache.commons.lang-2.4.0.jar.lastUpdated] has been deleted.
1934 INFO  [2015-09-28 10:16:22]  File: [aspectjweaver-1.6.8.RELEASE.jar.lastUpdated] has been deleted.
1936 INFO  [2015-09-28 10:16:22]  File: [bcprov-jdk16-1.46.jar.lastUpdated] has been deleted.
1952 INFO  [2015-09-28 10:16:22]  File: [groovy-1.0.jar.lastUpdated] has been deleted.
1959 INFO  [2015-09-28 10:16:22]  File: [com.springsource.org.codehaus.jackson.mapper-1.0.0.jar.lastUpdated] has been deleted.
2093 INFO  [2015-09-28 10:16:22]  File: [eclipselink-1.0.2.jar.lastUpdated] has been deleted.
2104 INFO  [2015-09-28 10:16:22]  File: [eclipselink-2.1.jar.lastUpdated] has been deleted.
2115 INFO  [2015-09-28 10:16:22]  File: [eclipselink-jpa-modelgen-2.1.jar.lastUpdated] has been deleted.
2120 INFO  [2015-09-28 10:16:22]  File: [eclipselink-jpa-modelgen-2.5.1.jar.lastUpdated] has been deleted.
2144 INFO  [2015-09-28 10:16:22]  File: [javax.persistence-1.0.0.jar.lastUpdated] has been deleted.
2233 INFO  [2015-09-28 10:16:22]  File: [javax.persistence-2.0.1.jar.lastUpdated] has been deleted.
2312 INFO  [2015-09-28 10:16:22]  File: [hibernate-3.3.2.jar.lastUpdated] has been deleted.
2464 INFO  [2015-09-28 10:16:22]  File: [icefaces-1.6.1.jar.lastUpdated] has been deleted.
2475 INFO  [2015-09-28 10:16:22]  File: [icefaces-1.6.2.jar.lastUpdated] has been deleted.
2484 INFO  [2015-09-28 10:16:22]  File: [icefaces-1.7.0.jar.lastUpdated] has been deleted.
2493 INFO  [2015-09-28 10:16:22]  File: [icefaces-1.7.1.jar.lastUpdated] has been deleted.
2503 INFO  [2015-09-28 10:16:22]  File: [icefaces-1.7.2.jar.lastUpdated] has been deleted.
2504 INFO  [2015-09-28 10:16:22]  File: [icefaces-1.8.0.jar.lastUpdated] has been deleted.
2520 INFO  [2015-09-28 10:16:22]  File: [icefaces-comps-1.6.1.jar.lastUpdated] has been deleted.
2532 INFO  [2015-09-28 10:16:22]  File: [icefaces-comps-1.6.2.jar.lastUpdated] has been deleted.
2536 INFO  [2015-09-28 10:16:22]  File: [icefaces-comps-1.7.0.jar.lastUpdated] has been deleted.
2544 INFO  [2015-09-28 10:16:22]  File: [icefaces-comps-1.7.1.jar.lastUpdated] has been deleted.
2553 INFO  [2015-09-28 10:16:22]  File: [icefaces-comps-1.7.2.jar.lastUpdated] has been deleted.
2562 INFO  [2015-09-28 10:16:22]  File: [icefaces-comps-1.8.0.jar.lastUpdated] has been deleted.
2582 INFO  [2015-09-28 10:16:22]  File: [icefaces-facelets-1.6.1.jar.lastUpdated] has been deleted.
2592 INFO  [2015-09-28 10:16:22]  File: [icefaces-facelets-1.6.2.jar.lastUpdated] has been deleted.
2600 INFO  [2015-09-28 10:16:22]  File: [icefaces-facelets-1.7.0.jar.lastUpdated] has been deleted.
2607 INFO  [2015-09-28 10:16:22]  File: [icefaces-facelets-1.7.1.jar.lastUpdated] has been deleted.
2613 INFO  [2015-09-28 10:16:22]  File: [icefaces-facelets-1.7.2.jar.lastUpdated] has been deleted.
2622 INFO  [2015-09-28 10:16:22]  File: [icefaces-facelets-1.8.0.jar.lastUpdated] has been deleted.
2636 INFO  [2015-09-28 10:16:22]  File: [icefaces-mobi-1.3.0.jar.lastUpdated] has been deleted.
2645 INFO  [2015-09-28 10:16:22]  File: [icepush-2.0.2.jar.lastUpdated] has been deleted.
2646 INFO  [2015-09-28 10:16:22]  File: [icepush-3.0.0.jar.lastUpdated] has been deleted.
2661 INFO  [2015-09-28 10:16:22]  File: [jbosscache-core-3.1.0.jar.lastUpdated] has been deleted.
2677 INFO  [2015-09-28 10:16:22]  File: [com.springsource.org.junit-4.7.0.jar.lastUpdated] has been deleted.
2735 INFO  [2015-09-28 10:16:23]  File: [quartz-1.6.1.jar.lastUpdated] has been deleted.
2772 INFO  [2015-09-28 10:16:23]  File: [spring-javaconfig-1.0.0.m4.jar.lastUpdated] has been deleted.
2789 INFO  [2015-09-28 10:16:23]  File: [org.springframework.security.config-3.0.5.RELEASE.jar.lastUpdated] has been deleted.
2791 INFO  [2015-09-28 10:16:23]  File: [org.springframework.security.core-3.0.5.RELEASE.jar.lastUpdated] has been deleted.
2802 INFO  [2015-09-28 10:16:23]  File: [org.springframework.security.ldap-3.0.5.RELEASE.jar.lastUpdated] has been deleted.
2809 INFO  [2015-09-28 10:16:23]  File: [org.springframework.security.taglibs-3.0.5.RELEASE.jar.lastUpdated] has been deleted.
2818 INFO  [2015-09-28 10:16:23]  File: [org.springframework.security.web-3.0.5.RELEASE.jar.lastUpdated] has been deleted.
2930 INFO  [2015-09-28 10:16:23]  File: [sso-application-0.1-SNAPSHOT.jar.lastUpdated] has been deleted.
2931 INFO  [2015-09-28 10:16:23]  File: [sso-application-0.1-SNAPSHOT.pom.lastUpdated] has been deleted.
2941 INFO  [2015-09-28 10:16:23]  File: [zzpl-api-client-0.1-SNAPSHOT.jar.lastUpdated] has been deleted.
2941 INFO  [2015-09-28 10:16:23]  File: [zzpl-api-client-0.1-SNAPSHOT.pom.lastUpdated] has been deleted.
2942 INFO  [2015-09-28 10:16:23]  File: [zzpl-application-0.1-SNAPSHOT.jar.lastUpdated] has been deleted.
2943 INFO  [2015-09-28 10:16:23]  File: [zzpl-application-0.1-SNAPSHOT.pom.lastUpdated] has been deleted.
2944 INFO  [2015-09-28 10:16:23]  File: [zzpl-domain-0.1-SNAPSHOT.jar.lastUpdated] has been deleted.
2944 INFO  [2015-09-28 10:16:23]  File: [zzpl-domain-0.1-SNAPSHOT.pom.lastUpdated] has been deleted.
2945 INFO  [2015-09-28 10:16:23]  File: [zzpl-pojo-0.1-SNAPSHOT.jar.lastUpdated] has been deleted.
2946 INFO  [2015-09-28 10:16:23]  File: [zzpl-pojo-0.1-SNAPSHOT.pom.lastUpdated] has been deleted.
2947 INFO  [2015-09-28 10:16:23]  File: [zzpl-spi-0.1-SNAPSHOT.jar.lastUpdated] has been deleted.
2947 INFO  [2015-09-28 10:16:23]  File: [zzpl-spi-0.1-SNAPSHOT.pom.lastUpdated] has been deleted.
2947 INFO  [2015-09-28 10:16:23]  Clean lastUpdated files finished.
